#! /c/Source/iverilog-install/bin/vvp
:ivl_version "12.0 (devel)" "(s20150603-1110-g18392a46)";
:ivl_delay_selection "TYPICAL";
:vpi_time_precision + 0;
:vpi_module "D:\Download\iverilog\iverilog\lib\ivl\system.vpi";
:vpi_module "D:\Download\iverilog\iverilog\lib\ivl\vhdl_sys.vpi";
:vpi_module "D:\Download\iverilog\iverilog\lib\ivl\vhdl_textio.vpi";
:vpi_module "D:\Download\iverilog\iverilog\lib\ivl\v2005_math.vpi";
:vpi_module "D:\Download\iverilog\iverilog\lib\ivl\va_math.vpi";
S_000001f438766370 .scope module, "hello" "hello" 2 1;
 .timescale 0 0;
v000001f4388c66a0_0 .var "temp", 2 0;
    .scope S_000001f438766370;
T_0 ;
    %pushi/vec4 1, 0, 3;
    %store/vec4 v000001f4388c66a0_0, 0, 3;
    %delay 10, 0;
    %load/vec4 v000001f4388c66a0_0;
    %parti/s 2, 0, 2;
    %pad/u 3;
    %load/vec4 v000001f4388c66a0_0;
    %cmp/e;
    %jmp/0xz  T_0.0, 4;
    %vpi_call 2 7 "$display", "enter" {0 0 0};
T_0.0 ;
    %vpi_call 2 8 "$dumpfile", "wave.vcd" {0 0 0};
    %vpi_call 2 9 "$dumpvars" {0 0 0};
    %delay 6000, 0;
    %vpi_call 2 10 "$finish" {0 0 0};
    %end;
    .thread T_0;
# The file index is used to find the file name in the following table.
:file_names 3;
    "N/A";
    "<interactive>";
    "hello.v";
