#! /c/Source/iverilog-install/bin/vvp
:ivl_version "12.0 (devel)" "(s20150603-1110-g18392a46)";
:ivl_delay_selection "TYPICAL";
:vpi_time_precision + 0;
:vpi_module "D:\Download\iverilog\iverilog\lib\ivl\system.vpi";
:vpi_module "D:\Download\iverilog\iverilog\lib\ivl\vhdl_sys.vpi";
:vpi_module "D:\Download\iverilog\iverilog\lib\ivl\vhdl_textio.vpi";
:vpi_module "D:\Download\iverilog\iverilog\lib\ivl\v2005_math.vpi";
:vpi_module "D:\Download\iverilog\iverilog\lib\ivl\va_math.vpi";
S_00000186823a5b50 .scope module, "test_use" "test_use" 2 3;
 .timescale 0 0;
P_000001868235c140 .param/l "cycle" 0 2 5, +C4<00000000000000000000000001100100>;
v000001868235ee60_0 .var "clock", 0 0;
v000001868235ef00_0 .net "out", 0 0, v0000018682373370_0;  1 drivers
S_00000186823a5ce0 .scope module, "u_test_parameter" "test_parameter" 2 12, 3 1 0, S_00000186823a5b50;
 .timescale 0 0;
    .port_info 0 /INPUT 1 "clock";
    .port_info 1 /OUTPUT 1 "out";
P_00000186823736e0 .param/l "cycle" 0 3 5, +C4<00000000000000000000000001100100>;
P_0000018682373718 .param/l "signal" 0 3 6, C4<00>;
v000001868235ea50_0 .net "clock", 0 0, v000001868235ee60_0;  1 drivers
v0000018682373370_0 .var "out", 0 0;
E_000001868235c1c0 .event posedge, v000001868235ea50_0;
    .scope S_00000186823a5ce0;
T_0 ;
    %wait E_000001868235c1c0;
    %load/vec4 v0000018682373370_0;
    %inv;
    %store/vec4 v0000018682373370_0, 0, 1;
    %jmp T_0;
    .thread T_0;
    .scope S_00000186823a5b50;
T_1 ;
    %pushi/vec4 1, 0, 1;
    %store/vec4 v0000018682373370_0, 0, 1;
    %pushi/vec4 0, 0, 1;
    %store/vec4 v000001868235ee60_0, 0, 1;
    %vpi_call 2 25 "$monitor", "cycle=%d, out=%d", P_00000186823736e0, v0000018682373370_0 {0 0 0};
    %delay 100, 0;
    %vpi_call 2 26 "$finish" {0 0 0};
    %end;
    .thread T_1;
    .scope S_00000186823a5b50;
T_2 ;
    %delay 20, 0;
    %load/vec4 v000001868235ee60_0;
    %inv;
    %store/vec4 v000001868235ee60_0, 0, 1;
    %jmp T_2;
    .thread T_2;
# The file index is used to find the file name in the following table.
:file_names 4;
    "N/A";
    "<interactive>";
    "use.v";
    "././parameter.v";
